Command line invocation:
    /Applications/Xcode.app/Contents/Developer/usr/bin/xcodebuild -project FloatingShelf.xcodeproj -scheme FloatingShelf -configuration Debug clean build

2025-12-29 12:07:02.531 xcodebuild[41954:2326506] [MT] IDERunDestination: Supported platforms for the buildables in the current scheme is empty.
--- xcodebuild: WARNING: Using the first of multiple matching destinations:
{ platform:macOS, arch:x86_64, id:DB0C5B81-74B9-5A5D-8B42-91FBA8CE315E, name:My Mac }
{ platform:macOS, name:Any Mac }
CreateBuildRequest

SendProjectDescription

CreateBuildOperation

** CLEAN SUCCEEDED **

--- xcodebuild: WARNING: Using the first of multiple matching destinations:
{ platform:macOS, arch:x86_64, id:DB0C5B81-74B9-5A5D-8B42-91FBA8CE315E, name:My Mac }
{ platform:macOS, name:Any Mac }
ComputePackagePrebuildTargetDependencyGraph

Prepare packages

CreateBuildRequest

SendProjectDescription

CreateBuildOperation

ComputeTargetDependencyGraph
note: Building targets in dependency order
note: Target dependency graph (1 target)
    Target 'FloatingShelf' in project 'FloatingShelf' (no dependencies)

GatherProvisioningInputs

CreateBuildDescription

ExecuteExternalTool /Applications/Xcode.app/Contents/Developer/Toolchains/XcodeDefault.xctoolchain/usr/bin/clang -v -E -dM -isysroot /Applications/Xcode.app/Contents/Developer/Platforms/MacOSX.platform/Developer/SDKs/MacOSX26.2.sdk -x c -c /dev/null

ExecuteExternalTool /Applications/Xcode.app/Contents/Developer/usr/bin/momc --dry-run --action generate --swift-version 5.0 --sdkroot /Applications/Xcode.app/Contents/Developer/Platforms/MacOSX.platform/Developer/SDKs/MacOSX26.2.sdk --macosx-deployment-target 12.0 --module FloatingShelf /Users/yu/Desktop/dropoverもどき/FloatingShelf/FloatingShelf/Models/FloatingShelf.xcdatamodeld /Users/yu/Library/Developer/Xcode/DerivedData/FloatingShelf-bwgkjufpoegkzyducrxiebudrvoy/Build/Intermediates.noindex/FloatingShelf.build/Debug/FloatingShelf.build/DerivedSources/CoreDataGenerated/FloatingShelf

ExecuteExternalTool /Applications/Xcode.app/Contents/Developer/usr/bin/actool --version --output-format xml1

ExecuteExternalTool /Applications/Xcode.app/Contents/Developer/Toolchains/XcodeDefault.xctoolchain/usr/bin/swiftc --version

ExecuteExternalTool /Applications/Xcode.app/Contents/Developer/Toolchains/XcodeDefault.xctoolchain/usr/bin/ld -version_details

Build description signature: 055fcb265b9b7ee89514b5f8e367f906
Build description path: /Users/yu/Library/Developer/Xcode/DerivedData/FloatingShelf-bwgkjufpoegkzyducrxiebudrvoy/Build/Intermediates.noindex/XCBuildData/055fcb265b9b7ee89514b5f8e367f906.xcbuilddata
ClangStatCache /Applications/Xcode.app/Contents/Developer/Toolchains/XcodeDefault.xctoolchain/usr/bin/clang-stat-cache /Applications/Xcode.app/Contents/Developer/Platforms/MacOSX.platform/Developer/SDKs/MacOSX26.2.sdk /Users/yu/Library/Developer/Xcode/DerivedData/SDKStatCaches.noindex/macosx26.2-25C57-00fa09913b459cbbc988d1f6730289ae.sdkstatcache
    cd /Users/yu/Desktop/dropoverもどき/FloatingShelf/FloatingShelf.xcodeproj
    /Applications/Xcode.app/Contents/Developer/Toolchains/XcodeDefault.xctoolchain/usr/bin/clang-stat-cache /Applications/Xcode.app/Contents/Developer/Platforms/MacOSX.platform/Developer/SDKs/MacOSX26.2.sdk -o /Users/yu/Library/Developer/Xcode/DerivedData/SDKStatCaches.noindex/macosx26.2-25C57-00fa09913b459cbbc988d1f6730289ae.sdkstatcache

CreateBuildDirectory /Users/yu/Library/Developer/Xcode/DerivedData/FloatingShelf-bwgkjufpoegkzyducrxiebudrvoy/Build/Products
    cd /Users/yu/Desktop/dropoverもどき/FloatingShelf/FloatingShelf.xcodeproj
    builtin-create-build-directory /Users/yu/Library/Developer/Xcode/DerivedData/FloatingShelf-bwgkjufpoegkzyducrxiebudrvoy/Build/Products

CreateBuildDirectory /Users/yu/Library/Developer/Xcode/DerivedData/FloatingShelf-bwgkjufpoegkzyducrxiebudrvoy/Build/Intermediates.noindex
    cd /Users/yu/Desktop/dropoverもどき/FloatingShelf/FloatingShelf.xcodeproj
    builtin-create-build-directory /Users/yu/Library/Developer/Xcode/DerivedData/FloatingShelf-bwgkjufpoegkzyducrxiebudrvoy/Build/Intermediates.noindex

CreateBuildDirectory /Users/yu/Library/Developer/Xcode/DerivedData/FloatingShelf-bwgkjufpoegkzyducrxiebudrvoy/Build/Intermediates.noindex/ExplicitPrecompiledModules
    cd /Users/yu/Desktop/dropoverもどき/FloatingShelf/FloatingShelf.xcodeproj
    builtin-create-build-directory /Users/yu/Library/Developer/Xcode/DerivedData/FloatingShelf-bwgkjufpoegkzyducrxiebudrvoy/Build/Intermediates.noindex/ExplicitPrecompiledModules

CreateBuildDirectory /Users/yu/Library/Developer/Xcode/DerivedData/FloatingShelf-bwgkjufpoegkzyducrxiebudrvoy/Build/Intermediates.noindex/SwiftExplicitPrecompiledModules
    cd /Users/yu/Desktop/dropoverもどき/FloatingShelf/FloatingShelf.xcodeproj
    builtin-create-build-directory /Users/yu/Library/Developer/Xcode/DerivedData/FloatingShelf-bwgkjufpoegkzyducrxiebudrvoy/Build/Intermediates.noindex/SwiftExplicitPrecompiledModules

CreateBuildDirectory /Users/yu/Library/Developer/Xcode/DerivedData/FloatingShelf-bwgkjufpoegkzyducrxiebudrvoy/Build/Intermediates.noindex/EagerLinkingTBDs/Debug
    cd /Users/yu/Desktop/dropoverもどき/FloatingShelf/FloatingShelf.xcodeproj
    builtin-create-build-directory /Users/yu/Library/Developer/Xcode/DerivedData/FloatingShelf-bwgkjufpoegkzyducrxiebudrvoy/Build/Intermediates.noindex/EagerLinkingTBDs/Debug

CreateBuildDirectory /Users/yu/Library/Developer/Xcode/DerivedData/FloatingShelf-bwgkjufpoegkzyducrxiebudrvoy/Build/Products/Debug
    cd /Users/yu/Desktop/dropoverもどき/FloatingShelf/FloatingShelf.xcodeproj
    builtin-create-build-directory /Users/yu/Library/Developer/Xcode/DerivedData/FloatingShelf-bwgkjufpoegkzyducrxiebudrvoy/Build/Products/Debug

WriteAuxiliaryFile /Users/yu/Library/Developer/Xcode/DerivedData/FloatingShelf-bwgkjufpoegkzyducrxiebudrvoy/Build/Intermediates.noindex/FloatingShelf.build/Debug/FloatingShelf-a704d7fd5af9dd233a59360cc3cefd0f-VFS/all-product-headers.yaml
    cd /Users/yu/Desktop/dropoverもどき/FloatingShelf/FloatingShelf.xcodeproj
    write-file /Users/yu/Library/Developer/Xcode/DerivedData/FloatingShelf-bwgkjufpoegkzyducrxiebudrvoy/Build/Intermediates.noindex/FloatingShelf.build/Debug/FloatingShelf-a704d7fd5af9dd233a59360cc3cefd0f-VFS/all-product-headers.yaml

WriteAuxiliaryFile /Users/yu/Library/Developer/Xcode/DerivedData/FloatingShelf-bwgkjufpoegkzyducrxiebudrvoy/Build/Intermediates.noindex/FloatingShelf.build/Debug/FloatingShelf.build/FloatingShelf-all-target-headers.hmap (in target 'FloatingShelf' from project 'FloatingShelf')
    cd /Users/yu/Desktop/dropoverもどき/FloatingShelf
    write-file /Users/yu/Library/Developer/Xcode/DerivedData/FloatingShelf-bwgkjufpoegkzyducrxiebudrvoy/Build/Intermediates.noindex/FloatingShelf.build/Debug/FloatingShelf.build/FloatingShelf-all-target-headers.hmap

WriteAuxiliaryFile /Users/yu/Library/Developer/Xcode/DerivedData/FloatingShelf-bwgkjufpoegkzyducrxiebudrvoy/Build/Intermediates.noindex/FloatingShelf.build/Debug/FloatingShelf.build/FloatingShelf-project-headers.hmap (in target 'FloatingShelf' from project 'FloatingShelf')
    cd /Users/yu/Desktop/dropoverもどき/FloatingShelf
    write-file /Users/yu/Library/Developer/Xcode/DerivedData/FloatingShelf-bwgkjufpoegkzyducrxiebudrvoy/Build/Intermediates.noindex/FloatingShelf.build/Debug/FloatingShelf.build/FloatingShelf-project-headers.hmap

WriteAuxiliaryFile /Users/yu/Library/Developer/Xcode/DerivedData/FloatingShelf-bwgkjufpoegkzyducrxiebudrvoy/Build/Intermediates.noindex/FloatingShelf.build/Debug/FloatingShelf.build/empty-FloatingShelf.plist (in target 'FloatingShelf' from project 'FloatingShelf')
    cd /Users/yu/Desktop/dropoverもどき/FloatingShelf
    write-file /Users/yu/Library/Developer/Xcode/DerivedData/FloatingShelf-bwgkjufpoegkzyducrxiebudrvoy/Build/Intermediates.noindex/FloatingShelf.build/Debug/FloatingShelf.build/empty-FloatingShelf.plist

WriteAuxiliaryFile /Users/yu/Library/Developer/Xcode/DerivedData/FloatingShelf-bwgkjufpoegkzyducrxiebudrvoy/Build/Intermediates.noindex/FloatingShelf.build/Debug/FloatingShelf.build/FloatingShelf.hmap (in target 'FloatingShelf' from project 'FloatingShelf')
    cd /Users/yu/Desktop/dropoverもどき/FloatingShelf
    write-file /Users/yu/Library/Developer/Xcode/DerivedData/FloatingShelf-bwgkjufpoegkzyducrxiebudrvoy/Build/Intermediates.noindex/FloatingShelf.build/Debug/FloatingShelf.build/FloatingShelf.hmap

WriteAuxiliaryFile /Users/yu/Library/Developer/Xcode/DerivedData/FloatingShelf-bwgkjufpoegkzyducrxiebudrvoy/Build/Intermediates.noindex/FloatingShelf.build/Debug/FloatingShelf.build/FloatingShelf-generated-files.hmap (in target 'FloatingShelf' from project 'FloatingShelf')
    cd /Users/yu/Desktop/dropoverもどき/FloatingShelf
    write-file /Users/yu/Library/Developer/Xcode/DerivedData/FloatingShelf-bwgkjufpoegkzyducrxiebudrvoy/Build/Intermediates.noindex/FloatingShelf.build/Debug/FloatingShelf.build/FloatingShelf-generated-files.hmap

WriteAuxiliaryFile /Users/yu/Library/Developer/Xcode/DerivedData/FloatingShelf-bwgkjufpoegkzyducrxiebudrvoy/Build/Intermediates.noindex/FloatingShelf.build/Debug/FloatingShelf.build/FloatingShelf-own-target-headers.hmap (in target 'FloatingShelf' from project 'FloatingShelf')
    cd /Users/yu/Desktop/dropoverもどき/FloatingShelf
    write-file /Users/yu/Library/Developer/Xcode/DerivedData/FloatingShelf-bwgkjufpoegkzyducrxiebudrvoy/Build/Intermediates.noindex/FloatingShelf.build/Debug/FloatingShelf.build/FloatingShelf-own-target-headers.hmap

WriteAuxiliaryFile /Users/yu/Library/Developer/Xcode/DerivedData/FloatingShelf-bwgkjufpoegkzyducrxiebudrvoy/Build/Intermediates.noindex/FloatingShelf.build/Debug/FloatingShelf.build/Objects-normal/x86_64/FloatingShelf_const_extract_protocols.json (in target 'FloatingShelf' from project 'FloatingShelf')
    cd /Users/yu/Desktop/dropoverもどき/FloatingShelf
    write-file /Users/yu/Library/Developer/Xcode/DerivedData/FloatingShelf-bwgkjufpoegkzyducrxiebudrvoy/Build/Intermediates.noindex/FloatingShelf.build/Debug/FloatingShelf.build/Objects-normal/x86_64/FloatingShelf_const_extract_protocols.json

WriteAuxiliaryFile /Users/yu/Library/Developer/Xcode/DerivedData/FloatingShelf-bwgkjufpoegkzyducrxiebudrvoy/Build/Intermediates.noindex/FloatingShelf.build/Debug/FloatingShelf.build/Objects-normal/x86_64/FloatingShelf.SwiftConstValuesFileList (in target 'FloatingShelf' from project 'FloatingShelf')
    cd /Users/yu/Desktop/dropoverもどき/FloatingShelf
    write-file /Users/yu/Library/Developer/Xcode/DerivedData/FloatingShelf-bwgkjufpoegkzyducrxiebudrvoy/Build/Intermediates.noindex/FloatingShelf.build/Debug/FloatingShelf.build/Objects-normal/x86_64/FloatingShelf.SwiftConstValuesFileList

WriteAuxiliaryFile /Users/yu/Library/Developer/Xcode/DerivedData/FloatingShelf-bwgkjufpoegkzyducrxiebudrvoy/Build/Intermediates.noindex/FloatingShelf.build/Debug/FloatingShelf.build/Objects-normal/x86_64/FloatingShelf.LinkFileList (in target 'FloatingShelf' from project 'FloatingShelf')
    cd /Users/yu/Desktop/dropoverもどき/FloatingShelf
    write-file /Users/yu/Library/Developer/Xcode/DerivedData/FloatingShelf-bwgkjufpoegkzyducrxiebudrvoy/Build/Intermediates.noindex/FloatingShelf.build/Debug/FloatingShelf.build/Objects-normal/x86_64/FloatingShelf.LinkFileList

WriteAuxiliaryFile /Users/yu/Library/Developer/Xcode/DerivedData/FloatingShelf-bwgkjufpoegkzyducrxiebudrvoy/Build/Intermediates.noindex/FloatingShelf.build/Debug/FloatingShelf.build/Objects-normal/x86_64/FloatingShelf-OutputFileMap.json (in target 'FloatingShelf' from project 'FloatingShelf')
    cd /Users/yu/Desktop/dropoverもどき/FloatingShelf
    write-file /Users/yu/Library/Developer/Xcode/DerivedData/FloatingShelf-bwgkjufpoegkzyducrxiebudrvoy/Build/Intermediates.noindex/FloatingShelf.build/Debug/FloatingShelf.build/Objects-normal/x86_64/FloatingShelf-OutputFileMap.json

WriteAuxiliaryFile /Users/yu/Library/Developer/Xcode/DerivedData/FloatingShelf-bwgkjufpoegkzyducrxiebudrvoy/Build/Intermediates.noindex/FloatingShelf.build/Debug/FloatingShelf.build/Objects-normal/x86_64/FloatingShelf.SwiftFileList (in target 'FloatingShelf' from project 'FloatingShelf')
    cd /Users/yu/Desktop/dropoverもどき/FloatingShelf
    write-file /Users/yu/Library/Developer/Xcode/DerivedData/FloatingShelf-bwgkjufpoegkzyducrxiebudrvoy/Build/Intermediates.noindex/FloatingShelf.build/Debug/FloatingShelf.build/Objects-normal/x86_64/FloatingShelf.SwiftFileList

WriteAuxiliaryFile /Users/yu/Library/Developer/Xcode/DerivedData/FloatingShelf-bwgkjufpoegkzyducrxiebudrvoy/Build/Intermediates.noindex/FloatingShelf.build/Debug/FloatingShelf.build/FloatingShelf.DependencyMetadataFileList (in target 'FloatingShelf' from project 'FloatingShelf')
    cd /Users/yu/Desktop/dropoverもどき/FloatingShelf
    write-file /Users/yu/Library/Developer/Xcode/DerivedData/FloatingShelf-bwgkjufpoegkzyducrxiebudrvoy/Build/Intermediates.noindex/FloatingShelf.build/Debug/FloatingShelf.build/FloatingShelf.DependencyMetadataFileList

WriteAuxiliaryFile /Users/yu/Library/Developer/Xcode/DerivedData/FloatingShelf-bwgkjufpoegkzyducrxiebudrvoy/Build/Intermediates.noindex/FloatingShelf.build/Debug/FloatingShelf.build/FloatingShelf-all-non-framework-target-headers.hmap (in target 'FloatingShelf' from project 'FloatingShelf')
    cd /Users/yu/Desktop/dropoverもどき/FloatingShelf
    write-file /Users/yu/Library/Developer/Xcode/DerivedData/FloatingShelf-bwgkjufpoegkzyducrxiebudrvoy/Build/Intermediates.noindex/FloatingShelf.build/Debug/FloatingShelf.build/FloatingShelf-all-non-framework-target-headers.hmap

WriteAuxiliaryFile /Users/yu/Library/Developer/Xcode/DerivedData/FloatingShelf-bwgkjufpoegkzyducrxiebudrvoy/Build/Intermediates.noindex/FloatingShelf.build/Debug/FloatingShelf.build/FloatingShelf.DependencyStaticMetadataFileList (in target 'FloatingShelf' from project 'FloatingShelf')
    cd /Users/yu/Desktop/dropoverもどき/FloatingShelf
    write-file /Users/yu/Library/Developer/Xcode/DerivedData/FloatingShelf-bwgkjufpoegkzyducrxiebudrvoy/Build/Intermediates.noindex/FloatingShelf.build/Debug/FloatingShelf.build/FloatingShelf.DependencyStaticMetadataFileList

WriteAuxiliaryFile /Users/yu/Library/Developer/Xcode/DerivedData/FloatingShelf-bwgkjufpoegkzyducrxiebudrvoy/Build/Intermediates.noindex/FloatingShelf.build/Debug/FloatingShelf.build/FloatingShelf-DebugDylibPath-normal-x86_64.txt (in target 'FloatingShelf' from project 'FloatingShelf')
    cd /Users/yu/Desktop/dropoverもどき/FloatingShelf
    write-file /Users/yu/Library/Developer/Xcode/DerivedData/FloatingShelf-bwgkjufpoegkzyducrxiebudrvoy/Build/Intermediates.noindex/FloatingShelf.build/Debug/FloatingShelf.build/FloatingShelf-DebugDylibPath-normal-x86_64.txt

WriteAuxiliaryFile /Users/yu/Library/Developer/Xcode/DerivedData/FloatingShelf-bwgkjufpoegkzyducrxiebudrvoy/Build/Intermediates.noindex/FloatingShelf.build/Debug/FloatingShelf.build/FloatingShelf-DebugDylibInstallName-normal-x86_64.txt (in target 'FloatingShelf' from project 'FloatingShelf')
    cd /Users/yu/Desktop/dropoverもどき/FloatingShelf
    write-file /Users/yu/Library/Developer/Xcode/DerivedData/FloatingShelf-bwgkjufpoegkzyducrxiebudrvoy/Build/Intermediates.noindex/FloatingShelf.build/Debug/FloatingShelf.build/FloatingShelf-DebugDylibInstallName-normal-x86_64.txt

WriteAuxiliaryFile /Users/yu/Library/Developer/Xcode/DerivedData/FloatingShelf-bwgkjufpoegkzyducrxiebudrvoy/Build/Intermediates.noindex/FloatingShelf.build/Debug/FloatingShelf.build/DerivedSources/Entitlements.plist (in target 'FloatingShelf' from project 'FloatingShelf')
    cd /Users/yu/Desktop/dropoverもどき/FloatingShelf
    write-file /Users/yu/Library/Developer/Xcode/DerivedData/FloatingShelf-bwgkjufpoegkzyducrxiebudrvoy/Build/Intermediates.noindex/FloatingShelf.build/Debug/FloatingShelf.build/DerivedSources/Entitlements.plist

MkDir /Users/yu/Library/Developer/Xcode/DerivedData/FloatingShelf-bwgkjufpoegkzyducrxiebudrvoy/Build/Products/Debug/FloatingShelf.app/Contents (in target 'FloatingShelf' from project 'FloatingShelf')
    cd /Users/yu/Desktop/dropoverもどき/FloatingShelf
    /bin/mkdir -p /Users/yu/Library/Developer/Xcode/DerivedData/FloatingShelf-bwgkjufpoegkzyducrxiebudrvoy/Build/Products/Debug/FloatingShelf.app/Contents

MkDir /Users/yu/Library/Developer/Xcode/DerivedData/FloatingShelf-bwgkjufpoegkzyducrxiebudrvoy/Build/Products/Debug/FloatingShelf.app/Contents/Resources (in target 'FloatingShelf' from project 'FloatingShelf')
    cd /Users/yu/Desktop/dropoverもどき/FloatingShelf
    /bin/mkdir -p /Users/yu/Library/Developer/Xcode/DerivedData/FloatingShelf-bwgkjufpoegkzyducrxiebudrvoy/Build/Products/Debug/FloatingShelf.app/Contents/Resources

MkDir /Users/yu/Library/Developer/Xcode/DerivedData/FloatingShelf-bwgkjufpoegkzyducrxiebudrvoy/Build/Products/Debug/FloatingShelf.app/Contents/MacOS (in target 'FloatingShelf' from project 'FloatingShelf')
    cd /Users/yu/Desktop/dropoverもどき/FloatingShelf
    /bin/mkdir -p /Users/yu/Library/Developer/Xcode/DerivedData/FloatingShelf-bwgkjufpoegkzyducrxiebudrvoy/Build/Products/Debug/FloatingShelf.app/Contents/MacOS

MkDir /Users/yu/Library/Developer/Xcode/DerivedData/FloatingShelf-bwgkjufpoegkzyducrxiebudrvoy/Build/Products/Debug/FloatingShelf.app (in target 'FloatingShelf' from project 'FloatingShelf')
    cd /Users/yu/Desktop/dropoverもどき/FloatingShelf
    /bin/mkdir -p /Users/yu/Library/Developer/Xcode/DerivedData/FloatingShelf-bwgkjufpoegkzyducrxiebudrvoy/Build/Products/Debug/FloatingShelf.app

ProcessProductPackaging /Users/yu/Desktop/dropoverもどき/FloatingShelf/FloatingShelf/FloatingShelf.entitlements /Users/yu/Library/Developer/Xcode/DerivedData/FloatingShelf-bwgkjufpoegkzyducrxiebudrvoy/Build/Intermediates.noindex/FloatingShelf.build/Debug/FloatingShelf.build/FloatingShelf.app.xcent (in target 'FloatingShelf' from project 'FloatingShelf')
    cd /Users/yu/Desktop/dropoverもどき/FloatingShelf
    
    Entitlements:
    
    {
    "com.apple.security.app-sandbox" = 0;
    "com.apple.security.files.user-selected.read-write" = 1;
    "com.apple.security.get-task-allow" = 1;
}
    
    builtin-productPackagingUtility /Users/yu/Desktop/dropoverもどき/FloatingShelf/FloatingShelf/FloatingShelf.entitlements -entitlements -format xml -o /Users/yu/Library/Developer/Xcode/DerivedData/FloatingShelf-bwgkjufpoegkzyducrxiebudrvoy/Build/Intermediates.noindex/FloatingShelf.build/Debug/FloatingShelf.build/FloatingShelf.app.xcent

ProcessProductPackagingDER /Users/yu/Library/Developer/Xcode/DerivedData/FloatingShelf-bwgkjufpoegkzyducrxiebudrvoy/Build/Intermediates.noindex/FloatingShelf.build/Debug/FloatingShelf.build/FloatingShelf.app.xcent /Users/yu/Library/Developer/Xcode/DerivedData/FloatingShelf-bwgkjufpoegkzyducrxiebudrvoy/Build/Intermediates.noindex/FloatingShelf.build/Debug/FloatingShelf.build/FloatingShelf.app.xcent.der (in target 'FloatingShelf' from project 'FloatingShelf')
    cd /Users/yu/Desktop/dropoverもどき/FloatingShelf
    /usr/bin/derq query -f xml -i /Users/yu/Library/Developer/Xcode/DerivedData/FloatingShelf-bwgkjufpoegkzyducrxiebudrvoy/Build/Intermediates.noindex/FloatingShelf.build/Debug/FloatingShelf.build/FloatingShelf.app.xcent -o /Users/yu/Library/Developer/Xcode/DerivedData/FloatingShelf-bwgkjufpoegkzyducrxiebudrvoy/Build/Intermediates.noindex/FloatingShelf.build/Debug/FloatingShelf.build/FloatingShelf.app.xcent.der --raw

Ld /Users/yu/Library/Developer/Xcode/DerivedData/FloatingShelf-bwgkjufpoegkzyducrxiebudrvoy/Build/Products/Debug/FloatingShelf.app/Contents/MacOS/__preview.dylib normal (in target 'FloatingShelf' from project 'FloatingShelf')
    cd /Users/yu/Desktop/dropoverもどき/FloatingShelf
    /Applications/Xcode.app/Contents/Developer/Toolchains/XcodeDefault.xctoolchain/usr/bin/clang -Xlinker -reproducible -target x86_64-apple-macos12.0 -dynamiclib -isysroot /Applications/Xcode.app/Contents/Developer/Platforms/MacOSX.platform/Developer/SDKs/MacOSX26.2.sdk -O0 -L/Users/yu/Library/Developer/Xcode/DerivedData/FloatingShelf-bwgkjufpoegkzyducrxiebudrvoy/Build/Products/Debug -F/Users/yu/Library/Developer/Xcode/DerivedData/FloatingShelf-bwgkjufpoegkzyducrxiebudrvoy/Build/Products/Debug -install_name @rpath/FloatingShelf.debug.dylib -rdynamic -Xlinker -no_deduplicate -Xlinker -dependency_info -Xlinker /Users/yu/Library/Developer/Xcode/DerivedData/FloatingShelf-bwgkjufpoegkzyducrxiebudrvoy/Build/Intermediates.noindex/FloatingShelf.build/Debug/FloatingShelf.build/Objects-normal/x86_64/FloatingShelf_dependency_info.dat -Xlinker -no_adhoc_codesign -o /Users/yu/Library/Developer/Xcode/DerivedData/FloatingShelf-bwgkjufpoegkzyducrxiebudrvoy/Build/Products/Debug/FloatingShelf.app/Contents/MacOS/__preview.dylib

DataModelCompile /Users/yu/Library/Developer/Xcode/DerivedData/FloatingShelf-bwgkjufpoegkzyducrxiebudrvoy/Build/Products/Debug/FloatingShelf.app/Contents/Resources/ /Users/yu/Desktop/dropoverもどき/FloatingShelf/FloatingShelf/Models/FloatingShelf.xcdatamodeld (in target 'FloatingShelf' from project 'FloatingShelf')
    cd /Users/yu/Desktop/dropoverもどき/FloatingShelf
    /Applications/Xcode.app/Contents/Developer/usr/bin/momc --sdkroot /Applications/Xcode.app/Contents/Developer/Platforms/MacOSX.platform/Developer/SDKs/MacOSX26.2.sdk --macosx-deployment-target 12.0 --module FloatingShelf /Users/yu/Desktop/dropoverもどき/FloatingShelf/FloatingShelf/Models/FloatingShelf.xcdatamodeld /Users/yu/Library/Developer/Xcode/DerivedData/FloatingShelf-bwgkjufpoegkzyducrxiebudrvoy/Build/Products/Debug/FloatingShelf.app/Contents/Resources/
FloatingShelf.xcdatamodel: note: Model FloatingShelf version checksum: QcZl5tZLyegtiu6ykNCjXPVNM7qMyBsl3uRAxG0l8JM=

GenerateAssetSymbols /Users/yu/Desktop/dropoverもどき/FloatingShelf/FloatingShelf/Resources/Assets.xcassets (in target 'FloatingShelf' from project 'FloatingShelf')
    cd /Users/yu/Desktop/dropoverもどき/FloatingShelf
    /Applications/Xcode.app/Contents/Developer/usr/bin/actool /Users/yu/Desktop/dropoverもどき/FloatingShelf/FloatingShelf/Resources/Assets.xcassets --compile /Users/yu/Library/Developer/Xcode/DerivedData/FloatingShelf-bwgkjufpoegkzyducrxiebudrvoy/Build/Products/Debug/FloatingShelf.app/Contents/Resources --output-format human-readable-text --notices --warnings --export-dependency-info /Users/yu/Library/Developer/Xcode/DerivedData/FloatingShelf-bwgkjufpoegkzyducrxiebudrvoy/Build/Intermediates.noindex/FloatingShelf.build/Debug/FloatingShelf.build/assetcatalog_dependencies --output-partial-info-plist /Users/yu/Library/Developer/Xcode/DerivedData/FloatingShelf-bwgkjufpoegkzyducrxiebudrvoy/Build/Intermediates.noindex/FloatingShelf.build/Debug/FloatingShelf.build/assetcatalog_generated_info.plist --app-icon AppIcon --accent-color AccentColor --enable-on-demand-resources NO --development-region en --target-device mac --minimum-deployment-target 12.0 --platform macosx --bundle-identifier com.floatingshelf.app --generate-swift-asset-symbols /Users/yu/Library/Developer/Xcode/DerivedData/FloatingShelf-bwgkjufpoegkzyducrxiebudrvoy/Build/Intermediates.noindex/FloatingShelf.build/Debug/FloatingShelf.build/DerivedSources/GeneratedAssetSymbols.swift --generate-objc-asset-symbols /Users/yu/Library/Developer/Xcode/DerivedData/FloatingShelf-bwgkjufpoegkzyducrxiebudrvoy/Build/Intermediates.noindex/FloatingShelf.build/Debug/FloatingShelf.build/DerivedSources/GeneratedAssetSymbols.h --generate-asset-symbol-index /Users/yu/Library/Developer/Xcode/DerivedData/FloatingShelf-bwgkjufpoegkzyducrxiebudrvoy/Build/Intermediates.noindex/FloatingShelf.build/Debug/FloatingShelf.build/DerivedSources/GeneratedAssetSymbols-Index.plist
/* com.apple.actool.compilation-results */
/Users/yu/Library/Developer/Xcode/DerivedData/FloatingShelf-bwgkjufpoegkzyducrxiebudrvoy/Build/Intermediates.noindex/FloatingShelf.build/Debug/FloatingShelf.build/DerivedSources/GeneratedAssetSymbols-Index.plist
/Users/yu/Library/Developer/Xcode/DerivedData/FloatingShelf-bwgkjufpoegkzyducrxiebudrvoy/Build/Intermediates.noindex/FloatingShelf.build/Debug/FloatingShelf.build/DerivedSources/GeneratedAssetSymbols.h
/Users/yu/Library/Developer/Xcode/DerivedData/FloatingShelf-bwgkjufpoegkzyducrxiebudrvoy/Build/Intermediates.noindex/FloatingShelf.build/Debug/FloatingShelf.build/DerivedSources/GeneratedAssetSymbols.swift


MkDir /Users/yu/Library/Developer/Xcode/DerivedData/FloatingShelf-bwgkjufpoegkzyducrxiebudrvoy/Build/Intermediates.noindex/FloatingShelf.build/Debug/FloatingShelf.build/assetcatalog_output/thinned (in target 'FloatingShelf' from project 'FloatingShelf')
    cd /Users/yu/Desktop/dropoverもどき/FloatingShelf
    /bin/mkdir -p /Users/yu/Library/Developer/Xcode/DerivedData/FloatingShelf-bwgkjufpoegkzyducrxiebudrvoy/Build/Intermediates.noindex/FloatingShelf.build/Debug/FloatingShelf.build/assetcatalog_output/thinned

MkDir /Users/yu/Library/Developer/Xcode/DerivedData/FloatingShelf-bwgkjufpoegkzyducrxiebudrvoy/Build/Intermediates.noindex/FloatingShelf.build/Debug/FloatingShelf.build/assetcatalog_output/unthinned (in target 'FloatingShelf' from project 'FloatingShelf')
    cd /Users/yu/Desktop/dropoverもどき/FloatingShelf
    /bin/mkdir -p /Users/yu/Library/Developer/Xcode/DerivedData/FloatingShelf-bwgkjufpoegkzyducrxiebudrvoy/Build/Intermediates.noindex/FloatingShelf.build/Debug/FloatingShelf.build/assetcatalog_output/unthinned

CompileAssetCatalogVariant thinned /Users/yu/Library/Developer/Xcode/DerivedData/FloatingShelf-bwgkjufpoegkzyducrxiebudrvoy/Build/Products/Debug/FloatingShelf.app/Contents/Resources /Users/yu/Desktop/dropoverもどき/FloatingShelf/FloatingShelf/Resources/Assets.xcassets (in target 'FloatingShelf' from project 'FloatingShelf')
    cd /Users/yu/Desktop/dropoverもどき/FloatingShelf
    /Applications/Xcode.app/Contents/Developer/usr/bin/actool /Users/yu/Desktop/dropoverもどき/FloatingShelf/FloatingShelf/Resources/Assets.xcassets --compile /Users/yu/Library/Developer/Xcode/DerivedData/FloatingShelf-bwgkjufpoegkzyducrxiebudrvoy/Build/Intermediates.noindex/FloatingShelf.build/Debug/FloatingShelf.build/assetcatalog_output/thinned --output-format human-readable-text --notices --warnings --export-dependency-info /Users/yu/Library/Developer/Xcode/DerivedData/FloatingShelf-bwgkjufpoegkzyducrxiebudrvoy/Build/Intermediates.noindex/FloatingShelf.build/Debug/FloatingShelf.build/assetcatalog_dependencies_thinned --output-partial-info-plist /Users/yu/Library/Developer/Xcode/DerivedData/FloatingShelf-bwgkjufpoegkzyducrxiebudrvoy/Build/Intermediates.noindex/FloatingShelf.build/Debug/FloatingShelf.build/assetcatalog_generated_info.plist_thinned --app-icon AppIcon --accent-color AccentColor --enable-on-demand-resources NO --development-region en --target-device mac --minimum-deployment-target 12.0 --platform macosx
/* com.apple.actool.compilation-results */
/Users/yu/Library/Developer/Xcode/DerivedData/FloatingShelf-bwgkjufpoegkzyducrxiebudrvoy/Build/Intermediates.noindex/FloatingShelf.build/Debug/FloatingShelf.build/assetcatalog_generated_info.plist_thinned


LinkAssetCatalog /Users/yu/Desktop/dropoverもどき/FloatingShelf/FloatingShelf/Resources/Assets.xcassets (in target 'FloatingShelf' from project 'FloatingShelf')
    cd /Users/yu/Desktop/dropoverもどき/FloatingShelf
    builtin-linkAssetCatalog --thinned /Users/yu/Library/Developer/Xcode/DerivedData/FloatingShelf-bwgkjufpoegkzyducrxiebudrvoy/Build/Intermediates.noindex/FloatingShelf.build/Debug/FloatingShelf.build/assetcatalog_output/thinned --thinned-dependencies /Users/yu/Library/Developer/Xcode/DerivedData/FloatingShelf-bwgkjufpoegkzyducrxiebudrvoy/Build/Intermediates.noindex/FloatingShelf.build/Debug/FloatingShelf.build/assetcatalog_dependencies_thinned --thinned-info-plist-content /Users/yu/Library/Developer/Xcode/DerivedData/FloatingShelf-bwgkjufpoegkzyducrxiebudrvoy/Build/Intermediates.noindex/FloatingShelf.build/Debug/FloatingShelf.build/assetcatalog_generated_info.plist_thinned --unthinned /Users/yu/Library/Developer/Xcode/DerivedData/FloatingShelf-bwgkjufpoegkzyducrxiebudrvoy/Build/Intermediates.noindex/FloatingShelf.build/Debug/FloatingShelf.build/assetcatalog_output/unthinned --unthinned-dependencies /Users/yu/Library/Developer/Xcode/DerivedData/FloatingShelf-bwgkjufpoegkzyducrxiebudrvoy/Build/Intermediates.noindex/FloatingShelf.build/Debug/FloatingShelf.build/assetcatalog_dependencies_unthinned --unthinned-info-plist-content /Users/yu/Library/Developer/Xcode/DerivedData/FloatingShelf-bwgkjufpoegkzyducrxiebudrvoy/Build/Intermediates.noindex/FloatingShelf.build/Debug/FloatingShelf.build/assetcatalog_generated_info.plist_unthinned --output /Users/yu/Library/Developer/Xcode/DerivedData/FloatingShelf-bwgkjufpoegkzyducrxiebudrvoy/Build/Products/Debug/FloatingShelf.app/Contents/Resources --plist-output /Users/yu/Library/Developer/Xcode/DerivedData/FloatingShelf-bwgkjufpoegkzyducrxiebudrvoy/Build/Intermediates.noindex/FloatingShelf.build/Debug/FloatingShelf.build/assetcatalog_generated_info.plist

SwiftDriver FloatingShelf normal x86_64 com.apple.xcode.tools.swift.compiler (in target 'FloatingShelf' from project 'FloatingShelf')
    cd /Users/yu/Desktop/dropoverもどき/FloatingShelf
    builtin-SwiftDriver -- /Applications/Xcode.app/Contents/Developer/Toolchains/XcodeDefault.xctoolchain/usr/bin/swiftc -module-name FloatingShelf -Onone -enforce-exclusivity\=checked @/Users/yu/Library/Developer/Xcode/DerivedData/FloatingShelf-bwgkjufpoegkzyducrxiebudrvoy/Build/Intermediates.noindex/FloatingShelf.build/Debug/FloatingShelf.build/Objects-normal/x86_64/FloatingShelf.SwiftFileList -DDEBUG -enable-bare-slash-regex -enable-experimental-feature DebugDescriptionMacro -sdk /Applications/Xcode.app/Contents/Developer/Platforms/MacOSX.platform/Developer/SDKs/MacOSX26.2.sdk -target x86_64-apple-macos12.0 -g -module-cache-path /Users/yu/Library/Developer/Xcode/DerivedData/ModuleCache.noindex -Xfrontend -serialize-debugging-options -enable-testing -index-store-path /Users/yu/Library/Developer/Xcode/DerivedData/FloatingShelf-bwgkjufpoegkzyducrxiebudrvoy/Index.noindex/DataStore -Xcc -D_LIBCPP_HARDENING_MODE\=_LIBCPP_HARDENING_MODE_DEBUG -swift-version 5 -I /Users/yu/Library/Developer/Xcode/DerivedData/FloatingShelf-bwgkjufpoegkzyducrxiebudrvoy/Build/Products/Debug -F /Users/yu/Library/Developer/Xcode/DerivedData/FloatingShelf-bwgkjufpoegkzyducrxiebudrvoy/Build/Products/Debug -emit-localized-strings -emit-localized-strings-path /Users/yu/Library/Developer/Xcode/DerivedData/FloatingShelf-bwgkjufpoegkzyducrxiebudrvoy/Build/Intermediates.noindex/FloatingShelf.build/Debug/FloatingShelf.build/Objects-normal/x86_64 -c -j12 -enable-batch-mode -incremental -Xcc -ivfsstatcache -Xcc /Users/yu/Library/Developer/Xcode/DerivedData/SDKStatCaches.noindex/macosx26.2-25C57-00fa09913b459cbbc988d1f6730289ae.sdkstatcache -output-file-map /Users/yu/Library/Developer/Xcode/DerivedData/FloatingShelf-bwgkjufpoegkzyducrxiebudrvoy/Build/Intermediates.noindex/FloatingShelf.build/Debug/FloatingShelf.build/Objects-normal/x86_64/FloatingShelf-OutputFileMap.json -use-frontend-parseable-output -save-temps -no-color-diagnostics -explicit-module-build -module-cache-path /Users/yu/Library/Developer/Xcode/DerivedData/FloatingShelf-bwgkjufpoegkzyducrxiebudrvoy/Build/Intermediates.noindex/SwiftExplicitPrecompiledModules -clang-scanner-module-cache-path /Users/yu/Library/Developer/Xcode/DerivedData/ModuleCache.noindex -sdk-module-cache-path /Users/yu/Library/Developer/Xcode/DerivedData/ModuleCache.noindex -serialize-diagnostics -emit-dependencies -emit-module -emit-module-path /Users/yu/Library/Developer/Xcode/DerivedData/FloatingShelf-bwgkjufpoegkzyducrxiebudrvoy/Build/Intermediates.noindex/FloatingShelf.build/Debug/FloatingShelf.build/Objects-normal/x86_64/FloatingShelf.swiftmodule -validate-clang-modules-once -clang-build-session-file /Users/yu/Library/Developer/Xcode/DerivedData/ModuleCache.noindex/Session.modulevalidation -Xcc -I/Users/yu/Library/Developer/Xcode/DerivedData/FloatingShelf-bwgkjufpoegkzyducrxiebudrvoy/Build/Intermediates.noindex/FloatingShelf.build/Debug/FloatingShelf.build/swift-overrides.hmap -emit-const-values -Xfrontend -const-gather-protocols-file -Xfrontend /Users/yu/Library/Developer/Xcode/DerivedData/FloatingShelf-bwgkjufpoegkzyducrxiebudrvoy/Build/Intermediates.noindex/FloatingShelf.build/Debug/FloatingShelf.build/Objects-normal/x86_64/FloatingShelf_const_extract_protocols.json -Xcc -iquote -Xcc /Users/yu/Library/Developer/Xcode/DerivedData/FloatingShelf-bwgkjufpoegkzyducrxiebudrvoy/Build/Intermediates.noindex/FloatingShelf.build/Debug/FloatingShelf.build/FloatingShelf-generated-files.hmap -Xcc -I/Users/yu/Library/Developer/Xcode/DerivedData/FloatingShelf-bwgkjufpoegkzyducrxiebudrvoy/Build/Intermediates.noindex/FloatingShelf.build/Debug/FloatingShelf.build/FloatingShelf-own-target-headers.hmap -Xcc -I/Users/yu/Library/Developer/Xcode/DerivedData/FloatingShelf-bwgkjufpoegkzyducrxiebudrvoy/Build/Intermediates.noindex/FloatingShelf.build/Debug/FloatingShelf.build/FloatingShelf-all-target-headers.hmap -Xcc -iquote -Xcc /Users/yu/Library/Developer/Xcode/DerivedData/FloatingShelf-bwgkjufpoegkzyducrxiebudrvoy/Build/Intermediates.noindex/FloatingShelf.build/Debug/FloatingShelf.build/FloatingShelf-project-headers.hmap -Xcc -I/Users/yu/Library/Developer/Xcode/DerivedData/FloatingShelf-bwgkjufpoegkzyducrxiebudrvoy/Build/Products/Debug/include -Xcc -I/Users/yu/Library/Developer/Xcode/DerivedData/FloatingShelf-bwgkjufpoegkzyducrxiebudrvoy/Build/Intermediates.noindex/FloatingShelf.build/Debug/FloatingShelf.build/DerivedSources-normal/x86_64 -Xcc -I/Users/yu/Library/Developer/Xcode/DerivedData/FloatingShelf-bwgkjufpoegkzyducrxiebudrvoy/Build/Intermediates.noindex/FloatingShelf.build/Debug/FloatingShelf.build/DerivedSources/x86_64 -Xcc -I/Users/yu/Library/Developer/Xcode/DerivedData/FloatingShelf-bwgkjufpoegkzyducrxiebudrvoy/Build/Intermediates.noindex/FloatingShelf.build/Debug/FloatingShelf.build/DerivedSources -Xcc -DDEBUG\=1 -emit-objc-header -emit-objc-header-path /Users/yu/Library/Developer/Xcode/DerivedData/FloatingShelf-bwgkjufpoegkzyducrxiebudrvoy/Build/Intermediates.noindex/FloatingShelf.build/Debug/FloatingShelf.build/Objects-normal/x86_64/FloatingShelf-Swift.h -working-directory /Users/yu/Desktop/dropoverもどき/FloatingShelf -experimental-emit-module-separately -disable-cmo

ProcessInfoPlistFile /Users/yu/Library/Developer/Xcode/DerivedData/FloatingShelf-bwgkjufpoegkzyducrxiebudrvoy/Build/Products/Debug/FloatingShelf.app/Contents/Info.plist /Users/yu/Library/Developer/Xcode/DerivedData/FloatingShelf-bwgkjufpoegkzyducrxiebudrvoy/Build/Intermediates.noindex/FloatingShelf.build/Debug/FloatingShelf.build/empty-FloatingShelf.plist (in target 'FloatingShelf' from project 'FloatingShelf')
    cd /Users/yu/Desktop/dropoverもどき/FloatingShelf
    builtin-infoPlistUtility /Users/yu/Library/Developer/Xcode/DerivedData/FloatingShelf-bwgkjufpoegkzyducrxiebudrvoy/Build/Intermediates.noindex/FloatingShelf.build/Debug/FloatingShelf.build/empty-FloatingShelf.plist -producttype com.apple.product-type.application -genpkginfo /Users/yu/Library/Developer/Xcode/DerivedData/FloatingShelf-bwgkjufpoegkzyducrxiebudrvoy/Build/Products/Debug/FloatingShelf.app/Contents/PkgInfo -expandbuildsettings -platform macosx -additionalcontentfile /Users/yu/Library/Developer/Xcode/DerivedData/FloatingShelf-bwgkjufpoegkzyducrxiebudrvoy/Build/Intermediates.noindex/FloatingShelf.build/Debug/FloatingShelf.build/assetcatalog_generated_info.plist -o /Users/yu/Library/Developer/Xcode/DerivedData/FloatingShelf-bwgkjufpoegkzyducrxiebudrvoy/Build/Products/Debug/FloatingShelf.app/Contents/Info.plist

SwiftCompile normal x86_64 Compiling\ ShelfWindowController.swift,\ ShelfWindow.swift /Users/yu/Desktop/dropoverもどき/FloatingShelf/FloatingShelf/Windows/ShelfWindowController.swift /Users/yu/Desktop/dropoverもどき/FloatingShelf/FloatingShelf/Windows/ShelfWindow.swift (in target 'FloatingShelf' from project 'FloatingShelf')

SwiftCompile normal x86_64 /Users/yu/Desktop/dropoverもどき/FloatingShelf/FloatingShelf/Windows/ShelfWindowController.swift (in target 'FloatingShelf' from project 'FloatingShelf')
    cd /Users/yu/Desktop/dropoverもどき/FloatingShelf
    

SwiftCompile normal x86_64 /Users/yu/Desktop/dropoverもどき/FloatingShelf/FloatingShelf/Windows/ShelfWindow.swift (in target 'FloatingShelf' from project 'FloatingShelf')
    cd /Users/yu/Desktop/dropoverもどき/FloatingShelf
    

SwiftCompile normal x86_64 Compiling\ Shelf.swift,\ ShelfItem.swift /Users/yu/Desktop/dropoverもどき/FloatingShelf/FloatingShelf/Models/Shelf.swift /Users/yu/Desktop/dropoverもどき/FloatingShelf/FloatingShelf/Models/ShelfItem.swift (in target 'FloatingShelf' from project 'FloatingShelf')

SwiftCompile normal x86_64 /Users/yu/Desktop/dropoverもどき/FloatingShelf/FloatingShelf/Models/Shelf.swift (in target 'FloatingShelf' from project 'FloatingShelf')
    cd /Users/yu/Desktop/dropoverもどき/FloatingShelf
    

SwiftCompile normal x86_64 /Users/yu/Desktop/dropoverもどき/FloatingShelf/FloatingShelf/Models/ShelfItem.swift (in target 'FloatingShelf' from project 'FloatingShelf')
    cd /Users/yu/Desktop/dropoverもどき/FloatingShelf
    

SwiftCompile normal x86_64 Compiling\ ItemKind.swift,\ ItemStore.swift /Users/yu/Desktop/dropoverもどき/FloatingShelf/FloatingShelf/Models/ItemKind.swift /Users/yu/Desktop/dropoverもどき/FloatingShelf/FloatingShelf/Services/ItemStore.swift (in target 'FloatingShelf' from project 'FloatingShelf')

SwiftCompile normal x86_64 /Users/yu/Desktop/dropoverもどき/FloatingShelf/FloatingShelf/Models/ItemKind.swift (in target 'FloatingShelf' from project 'FloatingShelf')
    cd /Users/yu/Desktop/dropoverもどき/FloatingShelf
    

SwiftCompile normal x86_64 /Users/yu/Desktop/dropoverもどき/FloatingShelf/FloatingShelf/Services/ItemStore.swift (in target 'FloatingShelf' from project 'FloatingShelf')
    cd /Users/yu/Desktop/dropoverもどき/FloatingShelf
    

SwiftCompile normal x86_64 Compiling\ AppDelegate.swift,\ main.swift /Users/yu/Desktop/dropoverもどき/FloatingShelf/FloatingShelf/App/AppDelegate.swift /Users/yu/Desktop/dropoverもどき/FloatingShelf/FloatingShelf/App/main.swift (in target 'FloatingShelf' from project 'FloatingShelf')

SwiftCompile normal x86_64 /Users/yu/Desktop/dropoverもどき/FloatingShelf/FloatingShelf/App/AppDelegate.swift (in target 'FloatingShelf' from project 'FloatingShelf')
    cd /Users/yu/Desktop/dropoverもどき/FloatingShelf
    

SwiftCompile normal x86_64 /Users/yu/Desktop/dropoverもどき/FloatingShelf/FloatingShelf/App/main.swift (in target 'FloatingShelf' from project 'FloatingShelf')
    cd /Users/yu/Desktop/dropoverもどき/FloatingShelf
    

SwiftCompile normal x86_64 Compiling\ ShelfGridView.swift,\ ActionBarView.swift /Users/yu/Desktop/dropoverもどき/FloatingShelf/FloatingShelf/Views/ShelfGridView.swift /Users/yu/Desktop/dropoverもどき/FloatingShelf/FloatingShelf/Views/ActionBarView.swift (in target 'FloatingShelf' from project 'FloatingShelf')
SwiftCompile normal x86_64 /Users/yu/Desktop/dropoverもどき/FloatingShelf/FloatingShelf/Views/ShelfGridView.swift (in target 'FloatingShelf' from project 'FloatingShelf')
    cd /Users/yu/Desktop/dropoverもどき/FloatingShelf
    

SwiftCompile normal x86_64 /Users/yu/Desktop/dropoverもどき/FloatingShelf/FloatingShelf/Views/ActionBarView.swift (in target 'FloatingShelf' from project 'FloatingShelf')
    cd /Users/yu/Desktop/dropoverもどき/FloatingShelf
    

SwiftCompile normal x86_64 Compiling\ ShelfViewController.swift,\ ShelfItemView.swift /Users/yu/Desktop/dropoverもどき/FloatingShelf/FloatingShelf/Windows/ShelfViewController.swift /Users/yu/Desktop/dropoverもどき/FloatingShelf/FloatingShelf/Views/ShelfItemView.swift (in target 'FloatingShelf' from project 'FloatingShelf')
SwiftCompile normal x86_64 /Users/yu/Desktop/dropoverもどき/FloatingShelf/FloatingShelf/Windows/ShelfViewController.swift (in target 'FloatingShelf' from project 'FloatingShelf')
    cd /Users/yu/Desktop/dropoverもどき/FloatingShelf
    

SwiftCompile normal x86_64 /Users/yu/Desktop/dropoverもどき/FloatingShelf/FloatingShelf/Views/ShelfItemView.swift (in target 'FloatingShelf' from project 'FloatingShelf')
    cd /Users/yu/Desktop/dropoverもどき/FloatingShelf
    

SwiftCompile normal x86_64 Compiling\ DropReceiver.swift,\ DragSource.swift /Users/yu/Desktop/dropoverもどき/FloatingShelf/FloatingShelf/DragDrop/DropReceiver.swift /Users/yu/Desktop/dropoverもどき/FloatingShelf/FloatingShelf/DragDrop/DragSource.swift (in target 'FloatingShelf' from project 'FloatingShelf')

SwiftCompile normal x86_64 /Users/yu/Desktop/dropoverもどき/FloatingShelf/FloatingShelf/DragDrop/DropReceiver.swift (in target 'FloatingShelf' from project 'FloatingShelf')
    cd /Users/yu/Desktop/dropoverもどき/FloatingShelf
    

SwiftCompile normal x86_64 /Users/yu/Desktop/dropoverもどき/FloatingShelf/FloatingShelf/DragDrop/DragSource.swift (in target 'FloatingShelf' from project 'FloatingShelf')
    cd /Users/yu/Desktop/dropoverもどき/FloatingShelf
    

SwiftCompile normal x86_64 Compiling\ HotkeyManager.swift /Users/yu/Desktop/dropoverもどき/FloatingShelf/FloatingShelf/Utilities/HotkeyManager.swift (in target 'FloatingShelf' from project 'FloatingShelf')

SwiftCompile normal x86_64 /Users/yu/Desktop/dropoverもどき/FloatingShelf/FloatingShelf/Utilities/HotkeyManager.swift (in target 'FloatingShelf' from project 'FloatingShelf')
    cd /Users/yu/Desktop/dropoverもどき/FloatingShelf
    
/Users/yu/Desktop/dropoverもどき/FloatingShelf/FloatingShelf/Utilities/HotkeyManager.swift:39:13: warning: variable 'mutableHotKeyID' was never mutated; consider changing to 'let' constant
        var mutableHotKeyID = hotKeyID
        ~~~ ^
        let

SwiftCompile normal x86_64 Compiling\ GeneratedAssetSymbols.swift /Users/yu/Library/Developer/Xcode/DerivedData/FloatingShelf-bwgkjufpoegkzyducrxiebudrvoy/Build/Intermediates.noindex/FloatingShelf.build/Debug/FloatingShelf.build/DerivedSources/GeneratedAssetSymbols.swift (in target 'FloatingShelf' from project 'FloatingShelf')

SwiftCompile normal x86_64 /Users/yu/Library/Developer/Xcode/DerivedData/FloatingShelf-bwgkjufpoegkzyducrxiebudrvoy/Build/Intermediates.noindex/FloatingShelf.build/Debug/FloatingShelf.build/DerivedSources/GeneratedAssetSymbols.swift (in target 'FloatingShelf' from project 'FloatingShelf')
    cd /Users/yu/Desktop/dropoverもどき/FloatingShelf
    

SwiftCompile normal x86_64 Compiling\ Constants.swift /Users/yu/Desktop/dropoverもどき/FloatingShelf/FloatingShelf/Utilities/Constants.swift (in target 'FloatingShelf' from project 'FloatingShelf')

SwiftCompile normal x86_64 /Users/yu/Desktop/dropoverもどき/FloatingShelf/FloatingShelf/Utilities/Constants.swift (in target 'FloatingShelf' from project 'FloatingShelf')
    cd /Users/yu/Desktop/dropoverもどき/FloatingShelf
    

SwiftEmitModule normal x86_64 Emitting\ module\ for\ FloatingShelf (in target 'FloatingShelf' from project 'FloatingShelf')

EmitSwiftModule normal x86_64 (in target 'FloatingShelf' from project 'FloatingShelf')
    cd /Users/yu/Desktop/dropoverもどき/FloatingShelf
    

SwiftCompile normal x86_64 Compiling\ FilePromiseHandler.swift /Users/yu/Desktop/dropoverもどき/FloatingShelf/FloatingShelf/DragDrop/FilePromiseHandler.swift (in target 'FloatingShelf' from project 'FloatingShelf')

SwiftCompile normal x86_64 /Users/yu/Desktop/dropoverもどき/FloatingShelf/FloatingShelf/DragDrop/FilePromiseHandler.swift (in target 'FloatingShelf' from project 'FloatingShelf')
    cd /Users/yu/Desktop/dropoverもどき/FloatingShelf
    

SwiftCompile normal x86_64 Compiling\ FileManager+Shelf.swift,\ ThumbnailGenerator.swift /Users/yu/Desktop/dropoverもどき/FloatingShelf/FloatingShelf/Services/FileManager+Shelf.swift /Users/yu/Desktop/dropoverもどき/FloatingShelf/FloatingShelf/Services/ThumbnailGenerator.swift (in target 'FloatingShelf' from project 'FloatingShelf')

SwiftCompile normal x86_64 /Users/yu/Desktop/dropoverもどき/FloatingShelf/FloatingShelf/Services/FileManager+Shelf.swift (in target 'FloatingShelf' from project 'FloatingShelf')
    cd /Users/yu/Desktop/dropoverもどき/FloatingShelf
    

SwiftCompile normal x86_64 /Users/yu/Desktop/dropoverもどき/FloatingShelf/FloatingShelf/Services/ThumbnailGenerator.swift (in target 'FloatingShelf' from project 'FloatingShelf')
    cd /Users/yu/Desktop/dropoverもどき/FloatingShelf
    

SwiftDriverJobDiscovery normal x86_64 Compiling Constants.swift (in target 'FloatingShelf' from project 'FloatingShelf')

SwiftDriverJobDiscovery normal x86_64 Compiling HotkeyManager.swift (in target 'FloatingShelf' from project 'FloatingShelf')

SwiftDriverJobDiscovery normal x86_64 Compiling FilePromiseHandler.swift (in target 'FloatingShelf' from project 'FloatingShelf')

SwiftDriverJobDiscovery normal x86_64 Compiling GeneratedAssetSymbols.swift (in target 'FloatingShelf' from project 'FloatingShelf')

SwiftDriverJobDiscovery normal x86_64 Emitting module for FloatingShelf (in target 'FloatingShelf' from project 'FloatingShelf')

SwiftDriver\ Compilation\ Requirements FloatingShelf normal x86_64 com.apple.xcode.tools.swift.compiler (in target 'FloatingShelf' from project 'FloatingShelf')
    cd /Users/yu/Desktop/dropoverもどき/FloatingShelf
    builtin-Swift-Compilation-Requirements -- /Applications/Xcode.app/Contents/Developer/Toolchains/XcodeDefault.xctoolchain/usr/bin/swiftc -module-name FloatingShelf -Onone -enforce-exclusivity\=checked @/Users/yu/Library/Developer/Xcode/DerivedData/FloatingShelf-bwgkjufpoegkzyducrxiebudrvoy/Build/Intermediates.noindex/FloatingShelf.build/Debug/FloatingShelf.build/Objects-normal/x86_64/FloatingShelf.SwiftFileList -DDEBUG -enable-bare-slash-regex -enable-experimental-feature DebugDescriptionMacro -sdk /Applications/Xcode.app/Contents/Developer/Platforms/MacOSX.platform/Developer/SDKs/MacOSX26.2.sdk -target x86_64-apple-macos12.0 -g -module-cache-path /Users/yu/Library/Developer/Xcode/DerivedData/ModuleCache.noindex -Xfrontend -serialize-debugging-options -enable-testing -index-store-path /Users/yu/Library/Developer/Xcode/DerivedData/FloatingShelf-bwgkjufpoegkzyducrxiebudrvoy/Index.noindex/DataStore -Xcc -D_LIBCPP_HARDENING_MODE\=_LIBCPP_HARDENING_MODE_DEBUG -swift-version 5 -I /Users/yu/Library/Developer/Xcode/DerivedData/FloatingShelf-bwgkjufpoegkzyducrxiebudrvoy/Build/Products/Debug -F /Users/yu/Library/Developer/Xcode/DerivedData/FloatingShelf-bwgkjufpoegkzyducrxiebudrvoy/Build/Products/Debug -emit-localized-strings -emit-localized-strings-path /Users/yu/Library/Developer/Xcode/DerivedData/FloatingShelf-bwgkjufpoegkzyducrxiebudrvoy/Build/Intermediates.noindex/FloatingShelf.build/Debug/FloatingShelf.build/Objects-normal/x86_64 -c -j12 -enable-batch-mode -incremental -Xcc -ivfsstatcache -Xcc /Users/yu/Library/Developer/Xcode/DerivedData/SDKStatCaches.noindex/macosx26.2-25C57-00fa09913b459cbbc988d1f6730289ae.sdkstatcache -output-file-map /Users/yu/Library/Developer/Xcode/DerivedData/FloatingShelf-bwgkjufpoegkzyducrxiebudrvoy/Build/Intermediates.noindex/FloatingShelf.build/Debug/FloatingShelf.build/Objects-normal/x86_64/FloatingShelf-OutputFileMap.json -use-frontend-parseable-output -save-temps -no-color-diagnostics -explicit-module-build -module-cache-path /Users/yu/Library/Developer/Xcode/DerivedData/FloatingShelf-bwgkjufpoegkzyducrxiebudrvoy/Build/Intermediates.noindex/SwiftExplicitPrecompiledModules -clang-scanner-module-cache-path /Users/yu/Library/Developer/Xcode/DerivedData/ModuleCache.noindex -sdk-module-cache-path /Users/yu/Library/Developer/Xcode/DerivedData/ModuleCache.noindex -serialize-diagnostics -emit-dependencies -emit-module -emit-module-path /Users/yu/Library/Developer/Xcode/DerivedData/FloatingShelf-bwgkjufpoegkzyducrxiebudrvoy/Build/Intermediates.noindex/FloatingShelf.build/Debug/FloatingShelf.build/Objects-normal/x86_64/FloatingShelf.swiftmodule -validate-clang-modules-once -clang-build-session-file /Users/yu/Library/Developer/Xcode/DerivedData/ModuleCache.noindex/Session.modulevalidation -Xcc -I/Users/yu/Library/Developer/Xcode/DerivedData/FloatingShelf-bwgkjufpoegkzyducrxiebudrvoy/Build/Intermediates.noindex/FloatingShelf.build/Debug/FloatingShelf.build/swift-overrides.hmap -emit-const-values -Xfrontend -const-gather-protocols-file -Xfrontend /Users/yu/Library/Developer/Xcode/DerivedData/FloatingShelf-bwgkjufpoegkzyducrxiebudrvoy/Build/Intermediates.noindex/FloatingShelf.build/Debug/FloatingShelf.build/Objects-normal/x86_64/FloatingShelf_const_extract_protocols.json -Xcc -iquote -Xcc /Users/yu/Library/Developer/Xcode/DerivedData/FloatingShelf-bwgkjufpoegkzyducrxiebudrvoy/Build/Intermediates.noindex/FloatingShelf.build/Debug/FloatingShelf.build/FloatingShelf-generated-files.hmap -Xcc -I/Users/yu/Library/Developer/Xcode/DerivedData/FloatingShelf-bwgkjufpoegkzyducrxiebudrvoy/Build/Intermediates.noindex/FloatingShelf.build/Debug/FloatingShelf.build/FloatingShelf-own-target-headers.hmap -Xcc -I/Users/yu/Library/Developer/Xcode/DerivedData/FloatingShelf-bwgkjufpoegkzyducrxiebudrvoy/Build/Intermediates.noindex/FloatingShelf.build/Debug/FloatingShelf.build/FloatingShelf-all-target-headers.hmap -Xcc -iquote -Xcc /Users/yu/Library/Developer/Xcode/DerivedData/FloatingShelf-bwgkjufpoegkzyducrxiebudrvoy/Build/Intermediates.noindex/FloatingShelf.build/Debug/FloatingShelf.build/FloatingShelf-project-headers.hmap -Xcc -I/Users/yu/Library/Developer/Xcode/DerivedData/FloatingShelf-bwgkjufpoegkzyducrxiebudrvoy/Build/Products/Debug/include -Xcc -I/Users/yu/Library/Developer/Xcode/DerivedData/FloatingShelf-bwgkjufpoegkzyducrxiebudrvoy/Build/Intermediates.noindex/FloatingShelf.build/Debug/FloatingShelf.build/DerivedSources-normal/x86_64 -Xcc -I/Users/yu/Library/Developer/Xcode/DerivedData/FloatingShelf-bwgkjufpoegkzyducrxiebudrvoy/Build/Intermediates.noindex/FloatingShelf.build/Debug/FloatingShelf.build/DerivedSources/x86_64 -Xcc -I/Users/yu/Library/Developer/Xcode/DerivedData/FloatingShelf-bwgkjufpoegkzyducrxiebudrvoy/Build/Intermediates.noindex/FloatingShelf.build/Debug/FloatingShelf.build/DerivedSources -Xcc -DDEBUG\=1 -emit-objc-header -emit-objc-header-path /Users/yu/Library/Developer/Xcode/DerivedData/FloatingShelf-bwgkjufpoegkzyducrxiebudrvoy/Build/Intermediates.noindex/FloatingShelf.build/Debug/FloatingShelf.build/Objects-normal/x86_64/FloatingShelf-Swift.h -working-directory /Users/yu/Desktop/dropoverもどき/FloatingShelf -experimental-emit-module-separately -disable-cmo

SwiftDriverJobDiscovery normal x86_64 Compiling Shelf.swift, ShelfItem.swift (in target 'FloatingShelf' from project 'FloatingShelf')

SwiftDriverJobDiscovery normal x86_64 Compiling AppDelegate.swift, main.swift (in target 'FloatingShelf' from project 'FloatingShelf')

SwiftDriverJobDiscovery normal x86_64 Compiling ItemKind.swift, ItemStore.swift (in target 'FloatingShelf' from project 'FloatingShelf')

SwiftMergeGeneratedHeaders /Users/yu/Library/Developer/Xcode/DerivedData/FloatingShelf-bwgkjufpoegkzyducrxiebudrvoy/Build/Intermediates.noindex/FloatingShelf.build/Debug/FloatingShelf.build/DerivedSources/FloatingShelf-Swift.h /Users/yu/Library/Developer/Xcode/DerivedData/FloatingShelf-bwgkjufpoegkzyducrxiebudrvoy/Build/Intermediates.noindex/FloatingShelf.build/Debug/FloatingShelf.build/Objects-normal/x86_64/FloatingShelf-Swift.h (in target 'FloatingShelf' from project 'FloatingShelf')
    cd /Users/yu/Desktop/dropoverもどき/FloatingShelf
    builtin-swiftHeaderTool -arch x86_64 /Users/yu/Library/Developer/Xcode/DerivedData/FloatingShelf-bwgkjufpoegkzyducrxiebudrvoy/Build/Intermediates.noindex/FloatingShelf.build/Debug/FloatingShelf.build/Objects-normal/x86_64/FloatingShelf-Swift.h -o /Users/yu/Library/Developer/Xcode/DerivedData/FloatingShelf-bwgkjufpoegkzyducrxiebudrvoy/Build/Intermediates.noindex/FloatingShelf.build/Debug/FloatingShelf.build/DerivedSources/FloatingShelf-Swift.h

Copy /Users/yu/Library/Developer/Xcode/DerivedData/FloatingShelf-bwgkjufpoegkzyducrxiebudrvoy/Build/Products/Debug/FloatingShelf.swiftmodule/x86_64-apple-macos.swiftmodule /Users/yu/Library/Developer/Xcode/DerivedData/FloatingShelf-bwgkjufpoegkzyducrxiebudrvoy/Build/Intermediates.noindex/FloatingShelf.build/Debug/FloatingShelf.build/Objects-normal/x86_64/FloatingShelf.swiftmodule (in target 'FloatingShelf' from project 'FloatingShelf')
    cd /Users/yu/Desktop/dropoverもどき/FloatingShelf
    builtin-copy -exclude .DS_Store -exclude CVS -exclude .svn -exclude .git -exclude .hg -resolve-src-symlinks -rename /Users/yu/Library/Developer/Xcode/DerivedData/FloatingShelf-bwgkjufpoegkzyducrxiebudrvoy/Build/Intermediates.noindex/FloatingShelf.build/Debug/FloatingShelf.build/Objects-normal/x86_64/FloatingShelf.swiftmodule /Users/yu/Library/Developer/Xcode/DerivedData/FloatingShelf-bwgkjufpoegkzyducrxiebudrvoy/Build/Products/Debug/FloatingShelf.swiftmodule/x86_64-apple-macos.swiftmodule

Copy /Users/yu/Library/Developer/Xcode/DerivedData/FloatingShelf-bwgkjufpoegkzyducrxiebudrvoy/Build/Products/Debug/FloatingShelf.swiftmodule/x86_64-apple-macos.swiftdoc /Users/yu/Library/Developer/Xcode/DerivedData/FloatingShelf-bwgkjufpoegkzyducrxiebudrvoy/Build/Intermediates.noindex/FloatingShelf.build/Debug/FloatingShelf.build/Objects-normal/x86_64/FloatingShelf.swiftdoc (in target 'FloatingShelf' from project 'FloatingShelf')
    cd /Users/yu/Desktop/dropoverもどき/FloatingShelf
    builtin-copy -exclude .DS_Store -exclude CVS -exclude .svn -exclude .git -exclude .hg -resolve-src-symlinks -rename /Users/yu/Library/Developer/Xcode/DerivedData/FloatingShelf-bwgkjufpoegkzyducrxiebudrvoy/Build/Intermediates.noindex/FloatingShelf.build/Debug/FloatingShelf.build/Objects-normal/x86_64/FloatingShelf.swiftdoc /Users/yu/Library/Developer/Xcode/DerivedData/FloatingShelf-bwgkjufpoegkzyducrxiebudrvoy/Build/Products/Debug/FloatingShelf.swiftmodule/x86_64-apple-macos.swiftdoc

Copy /Users/yu/Library/Developer/Xcode/DerivedData/FloatingShelf-bwgkjufpoegkzyducrxiebudrvoy/Build/Products/Debug/FloatingShelf.swiftmodule/x86_64-apple-macos.abi.json /Users/yu/Library/Developer/Xcode/DerivedData/FloatingShelf-bwgkjufpoegkzyducrxiebudrvoy/Build/Intermediates.noindex/FloatingShelf.build/Debug/FloatingShelf.build/Objects-normal/x86_64/FloatingShelf.abi.json (in target 'FloatingShelf' from project 'FloatingShelf')
    cd /Users/yu/Desktop/dropoverもどき/FloatingShelf
    builtin-copy -exclude .DS_Store -exclude CVS -exclude .svn -exclude .git -exclude .hg -resolve-src-symlinks -rename /Users/yu/Library/Developer/Xcode/DerivedData/FloatingShelf-bwgkjufpoegkzyducrxiebudrvoy/Build/Intermediates.noindex/FloatingShelf.build/Debug/FloatingShelf.build/Objects-normal/x86_64/FloatingShelf.abi.json /Users/yu/Library/Developer/Xcode/DerivedData/FloatingShelf-bwgkjufpoegkzyducrxiebudrvoy/Build/Products/Debug/FloatingShelf.swiftmodule/x86_64-apple-macos.abi.json

Copy /Users/yu/Library/Developer/Xcode/DerivedData/FloatingShelf-bwgkjufpoegkzyducrxiebudrvoy/Build/Products/Debug/FloatingShelf.swiftmodule/Project/x86_64-apple-macos.swiftsourceinfo /Users/yu/Library/Developer/Xcode/DerivedData/FloatingShelf-bwgkjufpoegkzyducrxiebudrvoy/Build/Intermediates.noindex/FloatingShelf.build/Debug/FloatingShelf.build/Objects-normal/x86_64/FloatingShelf.swiftsourceinfo (in target 'FloatingShelf' from project 'FloatingShelf')
    cd /Users/yu/Desktop/dropoverもどき/FloatingShelf
    builtin-copy -exclude .DS_Store -exclude CVS -exclude .svn -exclude .git -exclude .hg -resolve-src-symlinks -rename /Users/yu/Library/Developer/Xcode/DerivedData/FloatingShelf-bwgkjufpoegkzyducrxiebudrvoy/Build/Intermediates.noindex/FloatingShelf.build/Debug/FloatingShelf.build/Objects-normal/x86_64/FloatingShelf.swiftsourceinfo /Users/yu/Library/Developer/Xcode/DerivedData/FloatingShelf-bwgkjufpoegkzyducrxiebudrvoy/Build/Products/Debug/FloatingShelf.swiftmodule/Project/x86_64-apple-macos.swiftsourceinfo

SwiftDriverJobDiscovery normal x86_64 Compiling ShelfWindowController.swift, ShelfWindow.swift (in target 'FloatingShelf' from project 'FloatingShelf')

SwiftDriverJobDiscovery normal x86_64 Compiling DropReceiver.swift, DragSource.swift (in target 'FloatingShelf' from project 'FloatingShelf')

SwiftDriverJobDiscovery normal x86_64 Compiling ShelfGridView.swift, ActionBarView.swift (in target 'FloatingShelf' from project 'FloatingShelf')

SwiftDriverJobDiscovery normal x86_64 Compiling FileManager+Shelf.swift, ThumbnailGenerator.swift (in target 'FloatingShelf' from project 'FloatingShelf')

SwiftDriverJobDiscovery normal x86_64 Compiling ShelfViewController.swift, ShelfItemView.swift (in target 'FloatingShelf' from project 'FloatingShelf')

SwiftDriver\ Compilation FloatingShelf normal x86_64 com.apple.xcode.tools.swift.compiler (in target 'FloatingShelf' from project 'FloatingShelf')
    cd /Users/yu/Desktop/dropoverもどき/FloatingShelf
    builtin-Swift-Compilation -- /Applications/Xcode.app/Contents/Developer/Toolchains/XcodeDefault.xctoolchain/usr/bin/swiftc -module-name FloatingShelf -Onone -enforce-exclusivity\=checked @/Users/yu/Library/Developer/Xcode/DerivedData/FloatingShelf-bwgkjufpoegkzyducrxiebudrvoy/Build/Intermediates.noindex/FloatingShelf.build/Debug/FloatingShelf.build/Objects-normal/x86_64/FloatingShelf.SwiftFileList -DDEBUG -enable-bare-slash-regex -enable-experimental-feature DebugDescriptionMacro -sdk /Applications/Xcode.app/Contents/Developer/Platforms/MacOSX.platform/Developer/SDKs/MacOSX26.2.sdk -target x86_64-apple-macos12.0 -g -module-cache-path /Users/yu/Library/Developer/Xcode/DerivedData/ModuleCache.noindex -Xfrontend -serialize-debugging-options -enable-testing -index-store-path /Users/yu/Library/Developer/Xcode/DerivedData/FloatingShelf-bwgkjufpoegkzyducrxiebudrvoy/Index.noindex/DataStore -Xcc -D_LIBCPP_HARDENING_MODE\=_LIBCPP_HARDENING_MODE_DEBUG -swift-version 5 -I /Users/yu/Library/Developer/Xcode/DerivedData/FloatingShelf-bwgkjufpoegkzyducrxiebudrvoy/Build/Products/Debug -F /Users/yu/Library/Developer/Xcode/DerivedData/FloatingShelf-bwgkjufpoegkzyducrxiebudrvoy/Build/Products/Debug -emit-localized-strings -emit-localized-strings-path /Users/yu/Library/Developer/Xcode/DerivedData/FloatingShelf-bwgkjufpoegkzyducrxiebudrvoy/Build/Intermediates.noindex/FloatingShelf.build/Debug/FloatingShelf.build/Objects-normal/x86_64 -c -j12 -enable-batch-mode -incremental -Xcc -ivfsstatcache -Xcc /Users/yu/Library/Developer/Xcode/DerivedData/SDKStatCaches.noindex/macosx26.2-25C57-00fa09913b459cbbc988d1f6730289ae.sdkstatcache -output-file-map /Users/yu/Library/Developer/Xcode/DerivedData/FloatingShelf-bwgkjufpoegkzyducrxiebudrvoy/Build/Intermediates.noindex/FloatingShelf.build/Debug/FloatingShelf.build/Objects-normal/x86_64/FloatingShelf-OutputFileMap.json -use-frontend-parseable-output -save-temps -no-color-diagnostics -explicit-module-build -module-cache-path /Users/yu/Library/Developer/Xcode/DerivedData/FloatingShelf-bwgkjufpoegkzyducrxiebudrvoy/Build/Intermediates.noindex/SwiftExplicitPrecompiledModules -clang-scanner-module-cache-path /Users/yu/Library/Developer/Xcode/DerivedData/ModuleCache.noindex -sdk-module-cache-path /Users/yu/Library/Developer/Xcode/DerivedData/ModuleCache.noindex -serialize-diagnostics -emit-dependencies -emit-module -emit-module-path /Users/yu/Library/Developer/Xcode/DerivedData/FloatingShelf-bwgkjufpoegkzyducrxiebudrvoy/Build/Intermediates.noindex/FloatingShelf.build/Debug/FloatingShelf.build/Objects-normal/x86_64/FloatingShelf.swiftmodule -validate-clang-modules-once -clang-build-session-file /Users/yu/Library/Developer/Xcode/DerivedData/ModuleCache.noindex/Session.modulevalidation -Xcc -I/Users/yu/Library/Developer/Xcode/DerivedData/FloatingShelf-bwgkjufpoegkzyducrxiebudrvoy/Build/Intermediates.noindex/FloatingShelf.build/Debug/FloatingShelf.build/swift-overrides.hmap -emit-const-values -Xfrontend -const-gather-protocols-file -Xfrontend /Users/yu/Library/Developer/Xcode/DerivedData/FloatingShelf-bwgkjufpoegkzyducrxiebudrvoy/Build/Intermediates.noindex/FloatingShelf.build/Debug/FloatingShelf.build/Objects-normal/x86_64/FloatingShelf_const_extract_protocols.json -Xcc -iquote -Xcc /Users/yu/Library/Developer/Xcode/DerivedData/FloatingShelf-bwgkjufpoegkzyducrxiebudrvoy/Build/Intermediates.noindex/FloatingShelf.build/Debug/FloatingShelf.build/FloatingShelf-generated-files.hmap -Xcc -I/Users/yu/Library/Developer/Xcode/DerivedData/FloatingShelf-bwgkjufpoegkzyducrxiebudrvoy/Build/Intermediates.noindex/FloatingShelf.build/Debug/FloatingShelf.build/FloatingShelf-own-target-headers.hmap -Xcc -I/Users/yu/Library/Developer/Xcode/DerivedData/FloatingShelf-bwgkjufpoegkzyducrxiebudrvoy/Build/Intermediates.noindex/FloatingShelf.build/Debug/FloatingShelf.build/FloatingShelf-all-target-headers.hmap -Xcc -iquote -Xcc /Users/yu/Library/Developer/Xcode/DerivedData/FloatingShelf-bwgkjufpoegkzyducrxiebudrvoy/Build/Intermediates.noindex/FloatingShelf.build/Debug/FloatingShelf.build/FloatingShelf-project-headers.hmap -Xcc -I/Users/yu/Library/Developer/Xcode/DerivedData/FloatingShelf-bwgkjufpoegkzyducrxiebudrvoy/Build/Products/Debug/include -Xcc -I/Users/yu/Library/Developer/Xcode/DerivedData/FloatingShelf-bwgkjufpoegkzyducrxiebudrvoy/Build/Intermediates.noindex/FloatingShelf.build/Debug/FloatingShelf.build/DerivedSources-normal/x86_64 -Xcc -I/Users/yu/Library/Developer/Xcode/DerivedData/FloatingShelf-bwgkjufpoegkzyducrxiebudrvoy/Build/Intermediates.noindex/FloatingShelf.build/Debug/FloatingShelf.build/DerivedSources/x86_64 -Xcc -I/Users/yu/Library/Developer/Xcode/DerivedData/FloatingShelf-bwgkjufpoegkzyducrxiebudrvoy/Build/Intermediates.noindex/FloatingShelf.build/Debug/FloatingShelf.build/DerivedSources -Xcc -DDEBUG\=1 -emit-objc-header -emit-objc-header-path /Users/yu/Library/Developer/Xcode/DerivedData/FloatingShelf-bwgkjufpoegkzyducrxiebudrvoy/Build/Intermediates.noindex/FloatingShelf.build/Debug/FloatingShelf.build/Objects-normal/x86_64/FloatingShelf-Swift.h -working-directory /Users/yu/Desktop/dropoverもどき/FloatingShelf -experimental-emit-module-separately -disable-cmo

Ld /Users/yu/Library/Developer/Xcode/DerivedData/FloatingShelf-bwgkjufpoegkzyducrxiebudrvoy/Build/Products/Debug/FloatingShelf.app/Contents/MacOS/FloatingShelf.debug.dylib normal (in target 'FloatingShelf' from project 'FloatingShelf')
    cd /Users/yu/Desktop/dropoverもどき/FloatingShelf
    /Applications/Xcode.app/Contents/Developer/Toolchains/XcodeDefault.xctoolchain/usr/bin/clang -Xlinker -reproducible -target x86_64-apple-macos12.0 -dynamiclib -isysroot /Applications/Xcode.app/Contents/Developer/Platforms/MacOSX.platform/Developer/SDKs/MacOSX26.2.sdk -O0 -L/Users/yu/Library/Developer/Xcode/DerivedData/FloatingShelf-bwgkjufpoegkzyducrxiebudrvoy/Build/Intermediates.noindex/EagerLinkingTBDs/Debug -L/Users/yu/Library/Developer/Xcode/DerivedData/FloatingShelf-bwgkjufpoegkzyducrxiebudrvoy/Build/Products/Debug -F/Users/yu/Library/Developer/Xcode/DerivedData/FloatingShelf-bwgkjufpoegkzyducrxiebudrvoy/Build/Intermediates.noindex/EagerLinkingTBDs/Debug -F/Users/yu/Library/Developer/Xcode/DerivedData/FloatingShelf-bwgkjufpoegkzyducrxiebudrvoy/Build/Products/Debug -filelist /Users/yu/Library/Developer/Xcode/DerivedData/FloatingShelf-bwgkjufpoegkzyducrxiebudrvoy/Build/Intermediates.noindex/FloatingShelf.build/Debug/FloatingShelf.build/Objects-normal/x86_64/FloatingShelf.LinkFileList -install_name @rpath/FloatingShelf.debug.dylib -Xlinker -rpath -Xlinker /usr/lib/swift -Xlinker -rpath -Xlinker @executable_path/../Frameworks -Xlinker -object_path_lto -Xlinker /Users/yu/Library/Developer/Xcode/DerivedData/FloatingShelf-bwgkjufpoegkzyducrxiebudrvoy/Build/Intermediates.noindex/FloatingShelf.build/Debug/FloatingShelf.build/Objects-normal/x86_64/FloatingShelf_lto.o -rdynamic -Xlinker -no_deduplicate -Xlinker -dependency_info -Xlinker /Users/yu/Library/Developer/Xcode/DerivedData/FloatingShelf-bwgkjufpoegkzyducrxiebudrvoy/Build/Intermediates.noindex/FloatingShelf.build/Debug/FloatingShelf.build/Objects-normal/x86_64/FloatingShelf_dependency_info.dat -fobjc-link-runtime -L/Applications/Xcode.app/Contents/Developer/Toolchains/XcodeDefault.xctoolchain/usr/lib/swift/macosx -L/usr/lib/swift -Xlinker -add_ast_path -Xlinker /Users/yu/Library/Developer/Xcode/DerivedData/FloatingShelf-bwgkjufpoegkzyducrxiebudrvoy/Build/Intermediates.noindex/FloatingShelf.build/Debug/FloatingShelf.build/Objects-normal/x86_64/FloatingShelf.swiftmodule @/Users/yu/Library/Developer/Xcode/DerivedData/FloatingShelf-bwgkjufpoegkzyducrxiebudrvoy/Build/Intermediates.noindex/FloatingShelf.build/Debug/FloatingShelf.build/Objects-normal/x86_64/FloatingShelf-linker-args.resp -Xlinker -alias -Xlinker _main -Xlinker ___debug_main_executable_dylib_entry_point -Xlinker -no_adhoc_codesign -o /Users/yu/Library/Developer/Xcode/DerivedData/FloatingShelf-bwgkjufpoegkzyducrxiebudrvoy/Build/Products/Debug/FloatingShelf.app/Contents/MacOS/FloatingShelf.debug.dylib

ConstructStubExecutorLinkFileList /Users/yu/Library/Developer/Xcode/DerivedData/FloatingShelf-bwgkjufpoegkzyducrxiebudrvoy/Build/Intermediates.noindex/FloatingShelf.build/Debug/FloatingShelf.build/FloatingShelf-ExecutorLinkFileList-normal-x86_64.txt (in target 'FloatingShelf' from project 'FloatingShelf')
    cd /Users/yu/Desktop/dropoverもどき/FloatingShelf
    construct-stub-executor-link-file-list /Users/yu/Library/Developer/Xcode/DerivedData/FloatingShelf-bwgkjufpoegkzyducrxiebudrvoy/Build/Products/Debug/FloatingShelf.app/Contents/MacOS/FloatingShelf.debug.dylib /Applications/Xcode.app/Contents/Developer/Platforms/MacOSX.platform/Developer/usr/lib/libPreviewsJITStubExecutor_no_swift_entry_point.a /Applications/Xcode.app/Contents/Developer/Platforms/MacOSX.platform/Developer/usr/lib/libPreviewsJITStubExecutor.a --output /Users/yu/Library/Developer/Xcode/DerivedData/FloatingShelf-bwgkjufpoegkzyducrxiebudrvoy/Build/Intermediates.noindex/FloatingShelf.build/Debug/FloatingShelf.build/FloatingShelf-ExecutorLinkFileList-normal-x86_64.txt
note: Using stub executor library with Swift entry point. (in target 'FloatingShelf' from project 'FloatingShelf')

Ld /Users/yu/Library/Developer/Xcode/DerivedData/FloatingShelf-bwgkjufpoegkzyducrxiebudrvoy/Build/Products/Debug/FloatingShelf.app/Contents/MacOS/FloatingShelf normal (in target 'FloatingShelf' from project 'FloatingShelf')
    cd /Users/yu/Desktop/dropoverもどき/FloatingShelf
    /Applications/Xcode.app/Contents/Developer/Toolchains/XcodeDefault.xctoolchain/usr/bin/clang -Xlinker -reproducible -target x86_64-apple-macos12.0 -isysroot /Applications/Xcode.app/Contents/Developer/Platforms/MacOSX.platform/Developer/SDKs/MacOSX26.2.sdk -O0 -L/Users/yu/Library/Developer/Xcode/DerivedData/FloatingShelf-bwgkjufpoegkzyducrxiebudrvoy/Build/Products/Debug -F/Users/yu/Library/Developer/Xcode/DerivedData/FloatingShelf-bwgkjufpoegkzyducrxiebudrvoy/Build/Products/Debug -Xlinker -rpath -Xlinker @executable_path -Xlinker -rpath -Xlinker @executable_path/../Frameworks -rdynamic -Xlinker -no_deduplicate -e ___debug_blank_executor_main -Xlinker -sectcreate -Xlinker __TEXT -Xlinker __debug_dylib -Xlinker /Users/yu/Library/Developer/Xcode/DerivedData/FloatingShelf-bwgkjufpoegkzyducrxiebudrvoy/Build/Intermediates.noindex/FloatingShelf.build/Debug/FloatingShelf.build/FloatingShelf-DebugDylibPath-normal-x86_64.txt -Xlinker -sectcreate -Xlinker __TEXT -Xlinker __debug_instlnm -Xlinker /Users/yu/Library/Developer/Xcode/DerivedData/FloatingShelf-bwgkjufpoegkzyducrxiebudrvoy/Build/Intermediates.noindex/FloatingShelf.build/Debug/FloatingShelf.build/FloatingShelf-DebugDylibInstallName-normal-x86_64.txt -Xlinker -filelist -Xlinker /Users/yu/Library/Developer/Xcode/DerivedData/FloatingShelf-bwgkjufpoegkzyducrxiebudrvoy/Build/Intermediates.noindex/FloatingShelf.build/Debug/FloatingShelf.build/FloatingShelf-ExecutorLinkFileList-normal-x86_64.txt /Users/yu/Library/Developer/Xcode/DerivedData/FloatingShelf-bwgkjufpoegkzyducrxiebudrvoy/Build/Products/Debug/FloatingShelf.app/Contents/MacOS/FloatingShelf.debug.dylib -Xlinker -no_adhoc_codesign -o /Users/yu/Library/Developer/Xcode/DerivedData/FloatingShelf-bwgkjufpoegkzyducrxiebudrvoy/Build/Products/Debug/FloatingShelf.app/Contents/MacOS/FloatingShelf

CopySwiftLibs /Users/yu/Library/Developer/Xcode/DerivedData/FloatingShelf-bwgkjufpoegkzyducrxiebudrvoy/Build/Products/Debug/FloatingShelf.app (in target 'FloatingShelf' from project 'FloatingShelf')
    cd /Users/yu/Desktop/dropoverもどき/FloatingShelf
    builtin-swiftStdLibTool --copy --verbose --sign - --scan-executable /Users/yu/Library/Developer/Xcode/DerivedData/FloatingShelf-bwgkjufpoegkzyducrxiebudrvoy/Build/Products/Debug/FloatingShelf.app/Contents/MacOS/FloatingShelf.debug.dylib --scan-folder /Users/yu/Library/Developer/Xcode/DerivedData/FloatingShelf-bwgkjufpoegkzyducrxiebudrvoy/Build/Products/Debug/FloatingShelf.app/Contents/Frameworks --scan-folder /Users/yu/Library/Developer/Xcode/DerivedData/FloatingShelf-bwgkjufpoegkzyducrxiebudrvoy/Build/Products/Debug/FloatingShelf.app/Contents/PlugIns --scan-folder /Users/yu/Library/Developer/Xcode/DerivedData/FloatingShelf-bwgkjufpoegkzyducrxiebudrvoy/Build/Products/Debug/FloatingShelf.app/Contents/Library/SystemExtensions --scan-folder /Users/yu/Library/Developer/Xcode/DerivedData/FloatingShelf-bwgkjufpoegkzyducrxiebudrvoy/Build/Products/Debug/FloatingShelf.app/Contents/Extensions --platform macosx --toolchain /Applications/Xcode.app/Contents/Developer/Toolchains/XcodeDefault.xctoolchain --destination /Users/yu/Library/Developer/Xcode/DerivedData/FloatingShelf-bwgkjufpoegkzyducrxiebudrvoy/Build/Products/Debug/FloatingShelf.app/Contents/Frameworks --strip-bitcode --strip-bitcode-tool /Applications/Xcode.app/Contents/Developer/Toolchains/XcodeDefault.xctoolchain/usr/bin/bitcode_strip --emit-dependency-info /Users/yu/Library/Developer/Xcode/DerivedData/FloatingShelf-bwgkjufpoegkzyducrxiebudrvoy/Build/Intermediates.noindex/FloatingShelf.build/Debug/FloatingShelf.build/SwiftStdLibToolInputDependencies.dep --filter-for-swift-os --back-deploy-swift-span

ExtractAppIntentsMetadata (in target 'FloatingShelf' from project 'FloatingShelf')
    cd /Users/yu/Desktop/dropoverもどき/FloatingShelf
    /Applications/Xcode.app/Contents/Developer/Toolchains/XcodeDefault.xctoolchain/usr/bin/appintentsmetadataprocessor --toolchain-dir /Applications/Xcode.app/Contents/Developer/Toolchains/XcodeDefault.xctoolchain --module-name FloatingShelf --sdk-root /Applications/Xcode.app/Contents/Developer/Platforms/MacOSX.platform/Developer/SDKs/MacOSX26.2.sdk --xcode-version 17C52 --platform-family macOS --deployment-target 12.0 --bundle-identifier com.floatingshelf.app --output /Users/yu/Library/Developer/Xcode/DerivedData/FloatingShelf-bwgkjufpoegkzyducrxiebudrvoy/Build/Products/Debug/FloatingShelf.app/Contents/Resources --target-triple x86_64-apple-macos12.0 --binary-file /Users/yu/Library/Developer/Xcode/DerivedData/FloatingShelf-bwgkjufpoegkzyducrxiebudrvoy/Build/Products/Debug/FloatingShelf.app/Contents/MacOS/FloatingShelf --dependency-file /Users/yu/Library/Developer/Xcode/DerivedData/FloatingShelf-bwgkjufpoegkzyducrxiebudrvoy/Build/Intermediates.noindex/FloatingShelf.build/Debug/FloatingShelf.build/Objects-normal/x86_64/FloatingShelf_dependency_info.dat --stringsdata-file /Users/yu/Library/Developer/Xcode/DerivedData/FloatingShelf-bwgkjufpoegkzyducrxiebudrvoy/Build/Intermediates.noindex/FloatingShelf.build/Debug/FloatingShelf.build/Objects-normal/x86_64/ExtractedAppShortcutsMetadata.stringsdata --source-file-list /Users/yu/Library/Developer/Xcode/DerivedData/FloatingShelf-bwgkjufpoegkzyducrxiebudrvoy/Build/Intermediates.noindex/FloatingShelf.build/Debug/FloatingShelf.build/Objects-normal/x86_64/FloatingShelf.SwiftFileList --metadata-file-list /Users/yu/Library/Developer/Xcode/DerivedData/FloatingShelf-bwgkjufpoegkzyducrxiebudrvoy/Build/Intermediates.noindex/FloatingShelf.build/Debug/FloatingShelf.build/FloatingShelf.DependencyMetadataFileList --static-metadata-file-list /Users/yu/Library/Developer/Xcode/DerivedData/FloatingShelf-bwgkjufpoegkzyducrxiebudrvoy/Build/Intermediates.noindex/FloatingShelf.build/Debug/FloatingShelf.build/FloatingShelf.DependencyStaticMetadataFileList --swift-const-vals-list /Users/yu/Library/Developer/Xcode/DerivedData/FloatingShelf-bwgkjufpoegkzyducrxiebudrvoy/Build/Intermediates.noindex/FloatingShelf.build/Debug/FloatingShelf.build/Objects-normal/x86_64/FloatingShelf.SwiftConstValuesFileList --compile-time-extraction --deployment-aware-processing --validate-assistant-intents --no-app-shortcuts-localization
2025-12-29 12:07:09.626 appintentsmetadataprocessor[42005:2327153] Starting appintentsmetadataprocessor export
2025-12-29 12:07:09.629 appintentsmetadataprocessor[42005:2327153] warning: Metadata extraction skipped. No AppIntents.framework dependency found.

CodeSign /Users/yu/Library/Developer/Xcode/DerivedData/FloatingShelf-bwgkjufpoegkzyducrxiebudrvoy/Build/Products/Debug/FloatingShelf.app/Contents/MacOS/FloatingShelf.debug.dylib (in target 'FloatingShelf' from project 'FloatingShelf')
    cd /Users/yu/Desktop/dropoverもどき/FloatingShelf
    
    Signing Identity:     "Sign to Run Locally"
    
    /usr/bin/codesign --force --sign - --timestamp\=none --generate-entitlement-der /Users/yu/Library/Developer/Xcode/DerivedData/FloatingShelf-bwgkjufpoegkzyducrxiebudrvoy/Build/Products/Debug/FloatingShelf.app/Contents/MacOS/FloatingShelf.debug.dylib

CodeSign /Users/yu/Library/Developer/Xcode/DerivedData/FloatingShelf-bwgkjufpoegkzyducrxiebudrvoy/Build/Products/Debug/FloatingShelf.app/Contents/MacOS/__preview.dylib (in target 'FloatingShelf' from project 'FloatingShelf')
    cd /Users/yu/Desktop/dropoverもどき/FloatingShelf
    
    Signing Identity:     "Sign to Run Locally"
    
    /usr/bin/codesign --force --sign - --timestamp\=none --generate-entitlement-der /Users/yu/Library/Developer/Xcode/DerivedData/FloatingShelf-bwgkjufpoegkzyducrxiebudrvoy/Build/Products/Debug/FloatingShelf.app/Contents/MacOS/__preview.dylib

CodeSign /Users/yu/Library/Developer/Xcode/DerivedData/FloatingShelf-bwgkjufpoegkzyducrxiebudrvoy/Build/Products/Debug/FloatingShelf.app (in target 'FloatingShelf' from project 'FloatingShelf')
    cd /Users/yu/Desktop/dropoverもどき/FloatingShelf
    
    Signing Identity:     "Sign to Run Locally"
    
    /usr/bin/codesign --force --sign - --entitlements /Users/yu/Library/Developer/Xcode/DerivedData/FloatingShelf-bwgkjufpoegkzyducrxiebudrvoy/Build/Intermediates.noindex/FloatingShelf.build/Debug/FloatingShelf.build/FloatingShelf.app.xcent --timestamp\=none --generate-entitlement-der /Users/yu/Library/Developer/Xcode/DerivedData/FloatingShelf-bwgkjufpoegkzyducrxiebudrvoy/Build/Products/Debug/FloatingShelf.app

RegisterExecutionPolicyException /Users/yu/Library/Developer/Xcode/DerivedData/FloatingShelf-bwgkjufpoegkzyducrxiebudrvoy/Build/Products/Debug/FloatingShelf.app (in target 'FloatingShelf' from project 'FloatingShelf')
    cd /Users/yu/Desktop/dropoverもどき/FloatingShelf
    builtin-RegisterExecutionPolicyException /Users/yu/Library/Developer/Xcode/DerivedData/FloatingShelf-bwgkjufpoegkzyducrxiebudrvoy/Build/Products/Debug/FloatingShelf.app

Validate /Users/yu/Library/Developer/Xcode/DerivedData/FloatingShelf-bwgkjufpoegkzyducrxiebudrvoy/Build/Products/Debug/FloatingShelf.app (in target 'FloatingShelf' from project 'FloatingShelf')
    cd /Users/yu/Desktop/dropoverもどき/FloatingShelf
    builtin-validationUtility /Users/yu/Library/Developer/Xcode/DerivedData/FloatingShelf-bwgkjufpoegkzyducrxiebudrvoy/Build/Products/Debug/FloatingShelf.app -no-validate-extension -infoplist-subpath Contents/Info.plist

RegisterWithLaunchServices /Users/yu/Library/Developer/Xcode/DerivedData/FloatingShelf-bwgkjufpoegkzyducrxiebudrvoy/Build/Products/Debug/FloatingShelf.app (in target 'FloatingShelf' from project 'FloatingShelf')
    cd /Users/yu/Desktop/dropoverもどき/FloatingShelf
    /System/Library/Frameworks/CoreServices.framework/Versions/Current/Frameworks/LaunchServices.framework/Versions/Current/Support/lsregister -f -R -trusted /Users/yu/Library/Developer/Xcode/DerivedData/FloatingShelf-bwgkjufpoegkzyducrxiebudrvoy/Build/Products/Debug/FloatingShelf.app

Touch /Users/yu/Library/Developer/Xcode/DerivedData/FloatingShelf-bwgkjufpoegkzyducrxiebudrvoy/Build/Products/Debug/FloatingShelf.app (in target 'FloatingShelf' from project 'FloatingShelf')
    cd /Users/yu/Desktop/dropoverもどき/FloatingShelf
    /usr/bin/touch -c /Users/yu/Library/Developer/Xcode/DerivedData/FloatingShelf-bwgkjufpoegkzyducrxiebudrvoy/Build/Products/Debug/FloatingShelf.app

** BUILD SUCCEEDED **

